SUPERUSER @ TEMP @ ip-172-20-0-194 (TEMP) > 
SUPERUSER @ TEMP @ ip-172-20-0-194 (TEMP) > drop table aaa ;
drop table aaa 
           *
ERROR at line 1:
ORA-00942: table or view does not exist 


SUPERUSER @ TEMP @ ip-172-20-0-194 (TEMP) > 
SUPERUSER @ TEMP @ ip-172-20-0-194 (TEMP) > create table aaa ( aaa varchar2(10) );

Table created.

SUPERUSER @ TEMP @ ip-172-20-0-194 (TEMP) > 
SUPERUSER @ TEMP @ ip-172-20-0-194 (TEMP) > 
SUPERUSER @ TEMP @ ip-172-20-0-194 (TEMP) > Insert into aaa   (AAA) Values   ('AA');

1 row created.

SUPERUSER @ TEMP @ ip-172-20-0-194 (TEMP) > Insert into aaa   (AAA) Values   ('AB');

1 row created.

SUPERUSER @ TEMP @ ip-172-20-0-194 (TEMP) > Insert into aaa   (AAA) Values   ('aa');

1 row created.

SUPERUSER @ TEMP @ ip-172-20-0-194 (TEMP) > Insert into aaa   (AAA) Values   ('ab');

1 row created.

SUPERUSER @ TEMP @ ip-172-20-0-194 (TEMP) > Insert into aaa   (AAA) Values   ('ba');

1 row created.

SUPERUSER @ TEMP @ ip-172-20-0-194 (TEMP) > Insert into aaa   (AAA) Values   ('BA');

1 row created.

SUPERUSER @ TEMP @ ip-172-20-0-194 (TEMP) > COMMIT;

Commit complete.

SUPERUSER @ TEMP @ ip-172-20-0-194 (TEMP) > 
SUPERUSER @ TEMP @ ip-172-20-0-194 (TEMP) > 
SUPERUSER @ TEMP @ ip-172-20-0-194 (TEMP) > set echo on
SUPERUSER @ TEMP @ ip-172-20-0-194 (TEMP) > set feedb on
SUPERUSER @ TEMP @ ip-172-20-0-194 (TEMP) > 
SUPERUSER @ TEMP @ ip-172-20-0-194 (TEMP) > column name 	    format A35 trunc
SUPERUSER @ TEMP @ ip-172-20-0-194 (TEMP) > column value	    format A15 wrap
SUPERUSER @ TEMP @ ip-172-20-0-194 (TEMP) > column dflt 	    format A4 justify left
SUPERUSER @ TEMP @ ip-172-20-0-194 (TEMP) > column Ses		    format A6 head sesmod justify right
SUPERUSER @ TEMP @ ip-172-20-0-194 (TEMP) > column sys		    format A6 trunc head sysmod
SUPERUSER @ TEMP @ ip-172-20-0-194 (TEMP) > 
SUPERUSER @ TEMP @ ip-172-20-0-194 (TEMP) > column descript	    format A26
SUPERUSER @ TEMP @ ip-172-20-0-194 (TEMP) > 
SUPERUSER @ TEMP @ ip-172-20-0-194 (TEMP) > doc
DOC>
DOC>	    Nls and date related parameters.
DOC>#
SUPERUSER @ TEMP @ ip-172-20-0-194 (TEMP) > SELECT  p.name
  2    , decode (type
  3  		, 3, to_char ( to_number ( value), '99,999,999,999' )
  4  		, 6, to_char ( to_number ( value), '99,999,999,999' )
  5  		, value
  6  		)							   value
  7    ,     decode ( p.ISDEFAULT      , 'TRUE'  , ''	   , '	No' )	   dflt
  8    ,     decode ( isses_modifiable , 'TRUE'  , '  Yes' , 'FALSE', '')  sesmod
  9    ,     decode ( issys_modifiable , 'FALSE' , ''
 10  				       , issys_modifiable )		   sysmod
 11  --  ,   substr ( p.DESCRIPTION, 1 , 23 ) || '...'			   descript
 12  FROM v$parameter p
 13  WHERE 1 = 1
 14  and (	(p.name Like 'nls%')
 15  	     OR (p.name Like '%char%')
 16  	     OR (p.name Like '%date%')
 17  	     )
 18  ORDER BY p.name
 19  /

NAME                                VALUE           DFLT SESMOD                                     
----------------------------------- --------------- ---- --------------------------------           
SYSMOD                                                                                              
--------------------------------                                                                    
fixed_date                                                                                          
IMMEDIATE                                                                                           
                                                                                                    
nls_calendar                                               Yes                                      
                                                                                                    
                                                                                                    
nls_comp                            BINARY                 Yes                                      
                                                                                                    
                                                                                                    
nls_currency                                               Yes                                      
                                                                                                    
                                                                                                    
nls_date_format                     DD-MON-YYYY HH2        Yes                                      
                                    4:MI:SS                                                         
                                                                                                    
                                                                                                    
nls_date_language                                          Yes                                      
                                                                                                    
                                                                                                    
nls_dual_currency                                          Yes                                      
                                                                                                    
                                                                                                    
nls_iso_currency                                           Yes                                      
                                                                                                    
                                                                                                    
nls_language                        AMERICAN               Yes                                      
                                                                                                    
                                                                                                    
nls_length_semantics                CHAR              No   Yes                                      
IMMEDIATE                                                                                           
                                                                                                    
nls_nchar_conv_excp                 FALSE                  Yes                                      
IMMEDIATE                                                                                           
                                                                                                    
nls_numeric_characters                                     Yes                                      
                                                                                                    
                                                                                                    
nls_sort                                                   Yes                                      
                                                                                                    
                                                                                                    
nls_territory                       AMERICA                Yes                                      
                                                                                                    
                                                                                                    
nls_time_format                                            Yes                                      
                                                                                                    
                                                                                                    
nls_time_tz_format                                         Yes                                      
                                                                                                    
                                                                                                    
nls_timestamp_format                                       Yes                                      
                                                                                                    
                                                                                                    
nls_timestamp_tz_format                                    Yes                                      
                                                                                                    
                                                                                                    

18 rows selected.

SUPERUSER @ TEMP @ ip-172-20-0-194 (TEMP) > 
SUPERUSER @ TEMP @ ip-172-20-0-194 (TEMP) > select parameter  as name, value
  2  from v$nls_parameters
  3  /

NAME                                VALUE                                                           
----------------------------------- ---------------                                                 
NLS_LANGUAGE                        AMERICAN                                                        
NLS_TERRITORY                       AMERICA                                                         
NLS_CURRENCY                        $                                                               
NLS_ISO_CURRENCY                    AMERICA                                                         
NLS_NUMERIC_CHARACTERS              .,                                                              
NLS_CALENDAR                        GREGORIAN                                                       
NLS_DATE_FORMAT                     DD-MON-YYYY HH2                                                 
                                    4:MI:SS                                                         
                                                                                                    
NLS_DATE_LANGUAGE                   AMERICAN                                                        
NLS_CHARACTERSET                    AL32UTF8                                                        
NLS_SORT                            BINARY                                                          
NLS_TIME_FORMAT                     HH.MI.SSXFF AM                                                  
NLS_TIMESTAMP_FORMAT                DD-MON-RR HH.MI                                                 
                                    .SSXFF AM                                                       
                                                                                                    
NLS_TIME_TZ_FORMAT                  HH.MI.SSXFF AM                                                  
                                    TZR                                                             
                                                                                                    
NLS_TIMESTAMP_TZ_FORMAT             DD-MON-RR HH.MI                                                 
                                    .SSXFF AM TZR                                                   
                                                                                                    
NLS_DUAL_CURRENCY                   $                                                               
NLS_NCHAR_CHARACTERSET              AL16UTF16                                                       
NLS_COMP                            BINARY                                                          
NLS_LENGTH_SEMANTICS                CHAR                                                            
NLS_NCHAR_CONV_EXCP                 FALSE                                                           

19 rows selected.

SUPERUSER @ TEMP @ ip-172-20-0-194 (TEMP) > 
SUPERUSER @ TEMP @ ip-172-20-0-194 (TEMP) > doc
DOC>	    now do some sorts,
DOC>	    mind the different results!
DOC>#
SUPERUSER @ TEMP @ ip-172-20-0-194 (TEMP) > 
SUPERUSER @ TEMP @ ip-172-20-0-194 (TEMP) > 
SUPERUSER @ TEMP @ ip-172-20-0-194 (TEMP) > select * from aaa order by 1 ;

AAA                                                                                                 
----------                                                                                          
AA                                                                                                  
AB                                                                                                  
BA                                                                                                  
aa                                                                                                  
ab                                                                                                  
ba                                                                                                  

6 rows selected.

SUPERUSER @ TEMP @ ip-172-20-0-194 (TEMP) > 
SUPERUSER @ TEMP @ ip-172-20-0-194 (TEMP) > alter session set nls_sort = german ;

Session altered.

SUPERUSER @ TEMP @ ip-172-20-0-194 (TEMP) > 
SUPERUSER @ TEMP @ ip-172-20-0-194 (TEMP) > select * from aaa order by 1 ;

AAA                                                                                                 
----------                                                                                          
aa                                                                                                  
AA                                                                                                  
ab                                                                                                  
AB                                                                                                  
ba                                                                                                  
BA                                                                                                  

6 rows selected.

SUPERUSER @ TEMP @ ip-172-20-0-194 (TEMP) > 
SUPERUSER @ TEMP @ ip-172-20-0-194 (TEMP) > alter session set nls_sort = binary ;

Session altered.

SUPERUSER @ TEMP @ ip-172-20-0-194 (TEMP) > 
SUPERUSER @ TEMP @ ip-172-20-0-194 (TEMP) > select * from aaa order by 1 ;

AAA                                                                                                 
----------                                                                                          
AA                                                                                                  
AB                                                                                                  
BA                                                                                                  
aa                                                                                                  
ab                                                                                                  
ba                                                                                                  

6 rows selected.

SUPERUSER @ TEMP @ ip-172-20-0-194 (TEMP) > 
SUPERUSER @ TEMP @ ip-172-20-0-194 (TEMP) > alter session set nls_sort = dutch ;

Session altered.

SUPERUSER @ TEMP @ ip-172-20-0-194 (TEMP) > 
SUPERUSER @ TEMP @ ip-172-20-0-194 (TEMP) > select * from aaa order by	1;

AAA                                                                                                 
----------                                                                                          
AA                                                                                                  
aa                                                                                                  
AB                                                                                                  
ab                                                                                                  
BA                                                                                                  
ba                                                                                                  

6 rows selected.

SUPERUSER @ TEMP @ ip-172-20-0-194 (TEMP) > 
SUPERUSER @ TEMP @ ip-172-20-0-194 (TEMP) > spool off
